# JRE version: OpenJDK Runtime Environment (11.0.15+10) (build 11.0.15+10-Ubuntu-0ubuntu0.18.04.1)
# Java VM: OpenJDK 64-Bit Server VM (11.0.15+10-Ubuntu-0ubuntu0.18.04.1, mixed mode, sharing, tiered, compressed oops, g1 gc, linux-amd64)
Heap:
 garbage-first heap   total 48128K, used 21149K [0x00000000e0000000, 0x0000000100000000)
  region size 1024K, 8 young (8192K), 2 survivors (2048K)
 Metaspace       used 10195K, capacity 10514K, committed 10624K, reserved 1058816K
  class space    used 1009K, capacity 1125K, committed 1152K, reserved 1048576K
GC Heap History (14 events):
Event: 28.611 GC heap before
{Heap before GC invocations=0 (full 0):
 garbage-first heap   total 524288K, used 20168K [0x00000000e0000000, 0x0000000100000000)
  region size 1024K, 21 young (21504K), 0 survivors (0K)
 Metaspace       used 9792K, capacity 10129K, committed 10368K, reserved 1058816K
  class space    used 1005K, capacity 1125K, committed 1152K, reserved 1048576K
}
Event: 28.626 GC heap after
{Heap after GC invocations=1 (full 1):
 garbage-first heap   total 48128K, used 4333K [0x00000000e0000000, 0x0000000100000000)
  region size 1024K, 0 young (0K), 0 survivors (0K)
 Metaspace       used 9792K, capacity 10129K, committed 10368K, reserved 1058816K
  class space    used 1005K, capacity 1125K, committed 1152K, reserved 1048576K
}
Event: 28.771 GC heap before
{Heap before GC invocations=1 (full 1):
 garbage-first heap   total 48128K, used 17645K [0x00000000e0000000, 0x0000000100000000)
  region size 1024K, 14 young (14336K), 0 survivors (0K)
 Metaspace       used 10172K, capacity 10514K, committed 10624K, reserved 1058816K
  class space    used 1009K, capacity 1125K, committed 1152K, reserved 1048576K
}
Event: 28.773 GC heap after
{Heap after GC invocations=2 (full 1):
 garbage-first heap   total 48128K, used 8583K [0x00000000e0000000, 0x0000000100000000)
  region size 1024K, 2 young (2048K), 2 survivors (2048K)
 Metaspace       used 10172K, capacity 10514K, committed 10624K, reserved 1058816K
  class space    used 1009K, capacity 1125K, committed 1152K, reserved 1048576K
}
Event: 28.819 GC heap before
{Heap before GC invocations=2 (full 1):
 garbage-first heap   total 48128K, used 20871K [0x00000000e0000000, 0x0000000100000000)
  region size 1024K, 15 young (15360K), 2 survivors (2048K)
 Metaspace       used 10175K, capacity 10514K, committed 10624K, reserved 1058816K
  class space    used 1009K, capacity 1125K, committed 1152K, reserved 1048576K
}
Event: 28.823 GC heap after
{Heap after GC invocations=3 (full 1):
 garbage-first heap   total 48128K, used 9999K [0x00000000e0000000, 0x0000000100000000)
  region size 1024K, 2 young (2048K), 2 survivors (2048K)
 Metaspace       used 10175K, capacity 10514K, committed 10624K, reserved 1058816K
  class space    used 1009K, capacity 1125K, committed 1152K, reserved 1048576K
}
Event: 28.843 GC heap before
{Heap before GC invocations=3 (full 1):
 garbage-first heap   total 48128K, used 22287K [0x00000000e0000000, 0x0000000100000000)
  region size 1024K, 14 young (14336K), 2 survivors (2048K)
 Metaspace       used 10189K, capacity 10514K, committed 10624K, reserved 1058816K
  class space    used 1009K, capacity 1125K, committed 1152K, reserved 1048576K
}
Event: 28.849 GC heap after
{Heap after GC invocations=4 (full 1):
 garbage-first heap   total 48128K, used 11463K [0x00000000e0000000, 0x0000000100000000)
  region size 1024K, 2 young (2048K), 2 survivors (2048K)
 Metaspace       used 10189K, capacity 10514K, committed 10624K, reserved 1058816K
  class space    used 1009K, capacity 1125K, committed 1152K, reserved 1048576K
}
Event: 28.865 GC heap before
{Heap before GC invocations=4 (full 1):
 garbage-first heap   total 48128K, used 23751K [0x00000000e0000000, 0x0000000100000000)
  region size 1024K, 14 young (14336K), 2 survivors (2048K)
 Metaspace       used 10189K, capacity 10514K, committed 10624K, reserved 1058816K
  class space    used 1009K, capacity 1125K, committed 1152K, reserved 1048576K
}
Event: 28.870 GC heap after
{Heap after GC invocations=5 (full 1):
 garbage-first heap   total 48128K, used 12955K [0x00000000e0000000, 0x0000000100000000)
  region size 1024K, 2 young (2048K), 2 survivors (2048K)
 Metaspace       used 10189K, capacity 10514K, committed 10624K, reserved 1058816K
  class space    used 1009K, capacity 1125K, committed 1152K, reserved 1048576K
}
Event: 28.884 GC heap before
{Heap before GC invocations=5 (full 1):
 garbage-first heap   total 48128K, used 25243K [0x00000000e0000000, 0x0000000100000000)
  region size 1024K, 14 young (14336K), 2 survivors (2048K)
 Metaspace       used 10189K, capacity 10514K, committed 10624K, reserved 1058816K
  class space    used 1009K, capacity 1125K, committed 1152K, reserved 1048576K
}
Event: 28.890 GC heap after
{Heap after GC invocations=6 (full 1):
 garbage-first heap   total 48128K, used 14424K [0x00000000e0000000, 0x0000000100000000)
  region size 1024K, 2 young (2048K), 2 survivors (2048K)
 Metaspace       used 10189K, capacity 10514K, committed 10624K, reserved 1058816K
  class space    used 1009K, capacity 1125K, committed 1152K, reserved 1048576K
}
Event: 28.903 GC heap before
{Heap before GC invocations=6 (full 1):
 garbage-first heap   total 48128K, used 26712K [0x00000000e0000000, 0x0000000100000000)
  region size 1024K, 14 young (14336K), 2 survivors (2048K)
 Metaspace       used 10190K, capacity 10514K, committed 10624K, reserved 1058816K
  class space    used 1009K, capacity 1125K, committed 1152K, reserved 1048576K
}
Event: 28.909 GC heap after
{Heap after GC invocations=7 (full 1):
 garbage-first heap   total 48128K, used 16029K [0x00000000e0000000, 0x0000000100000000)
  region size 1024K, 2 young (2048K), 2 survivors (2048K)
 Metaspace       used 10190K, capacity 10514K, committed 10624K, reserved 1058816K
  class space    used 1009K, capacity 1125K, committed 1152K, reserved 1048576K
}

