# JRE version: OpenJDK Runtime Environment (11.0.15+10) (build 11.0.15+10-Ubuntu-0ubuntu0.18.04.1)
# Java VM: OpenJDK 64-Bit Server VM (11.0.15+10-Ubuntu-0ubuntu0.18.04.1, mixed mode, sharing, tiered, compressed oops, g1 gc, linux-amd64)
Heap:
 garbage-first heap   total 48128K, used 22049K [0x00000000e0000000, 0x0000000100000000)
  region size 1024K, 9 young (9216K), 2 survivors (2048K)
 Metaspace       used 10200K, capacity 10574K, committed 10624K, reserved 1058816K
  class space    used 1009K, capacity 1125K, committed 1152K, reserved 1048576K
GC Heap History (14 events):
Event: 27.652 GC heap before
{Heap before GC invocations=0 (full 0):
 garbage-first heap   total 524288K, used 19144K [0x00000000e0000000, 0x0000000100000000)
  region size 1024K, 20 young (20480K), 0 survivors (0K)
 Metaspace       used 9791K, capacity 10125K, committed 10368K, reserved 1058816K
  class space    used 1005K, capacity 1125K, committed 1152K, reserved 1048576K
}
Event: 27.669 GC heap after
{Heap after GC invocations=1 (full 1):
 garbage-first heap   total 48128K, used 4589K [0x00000000e0000000, 0x0000000100000000)
  region size 1024K, 0 young (0K), 0 survivors (0K)
 Metaspace       used 9791K, capacity 10125K, committed 10368K, reserved 1058816K
  class space    used 1005K, capacity 1125K, committed 1152K, reserved 1048576K
}
Event: 27.821 GC heap before
{Heap before GC invocations=1 (full 1):
 garbage-first heap   total 48128K, used 17901K [0x00000000e0000000, 0x0000000100000000)
  region size 1024K, 14 young (14336K), 0 survivors (0K)
 Metaspace       used 10174K, capacity 10510K, committed 10624K, reserved 1058816K
  class space    used 1009K, capacity 1125K, committed 1152K, reserved 1048576K
}
Event: 27.823 GC heap after
{Heap after GC invocations=2 (full 1):
 garbage-first heap   total 48128K, used 8642K [0x00000000e0000000, 0x0000000100000000)
  region size 1024K, 2 young (2048K), 2 survivors (2048K)
 Metaspace       used 10174K, capacity 10510K, committed 10624K, reserved 1058816K
  class space    used 1009K, capacity 1125K, committed 1152K, reserved 1048576K
}
Event: 27.870 GC heap before
{Heap before GC invocations=2 (full 1):
 garbage-first heap   total 48128K, used 22978K [0x00000000e0000000, 0x0000000100000000)
  region size 1024K, 16 young (16384K), 2 survivors (2048K)
 Metaspace       used 10178K, capacity 10510K, committed 10624K, reserved 1058816K
  class space    used 1009K, capacity 1125K, committed 1152K, reserved 1048576K
}
Event: 27.875 GC heap after
{Heap after GC invocations=3 (full 1):
 garbage-first heap   total 48128K, used 9942K [0x00000000e0000000, 0x0000000100000000)
  region size 1024K, 2 young (2048K), 2 survivors (2048K)
 Metaspace       used 10178K, capacity 10510K, committed 10624K, reserved 1058816K
  class space    used 1009K, capacity 1125K, committed 1152K, reserved 1048576K
}
Event: 27.897 GC heap before
{Heap before GC invocations=3 (full 1):
 garbage-first heap   total 48128K, used 23254K [0x00000000e0000000, 0x0000000100000000)
  region size 1024K, 15 young (15360K), 2 survivors (2048K)
 Metaspace       used 10193K, capacity 10574K, committed 10624K, reserved 1058816K
  class space    used 1009K, capacity 1125K, committed 1152K, reserved 1048576K
}
Event: 27.902 GC heap after
{Heap after GC invocations=4 (full 1):
 garbage-first heap   total 48128K, used 11434K [0x00000000e0000000, 0x0000000100000000)
  region size 1024K, 2 young (2048K), 2 survivors (2048K)
 Metaspace       used 10193K, capacity 10574K, committed 10624K, reserved 1058816K
  class space    used 1009K, capacity 1125K, committed 1152K, reserved 1048576K
}
Event: 27.917 GC heap before
{Heap before GC invocations=4 (full 1):
 garbage-first heap   total 48128K, used 23722K [0x00000000e0000000, 0x0000000100000000)
  region size 1024K, 14 young (14336K), 2 survivors (2048K)
 Metaspace       used 10193K, capacity 10574K, committed 10624K, reserved 1058816K
  class space    used 1009K, capacity 1125K, committed 1152K, reserved 1048576K
}
Event: 27.923 GC heap after
{Heap after GC invocations=5 (full 1):
 garbage-first heap   total 48128K, used 12824K [0x00000000e0000000, 0x0000000100000000)
  region size 1024K, 2 young (2048K), 2 survivors (2048K)
 Metaspace       used 10193K, capacity 10574K, committed 10624K, reserved 1058816K
  class space    used 1009K, capacity 1125K, committed 1152K, reserved 1048576K
}
Event: 27.938 GC heap before
{Heap before GC invocations=5 (full 1):
 garbage-first heap   total 48128K, used 26136K [0x00000000e0000000, 0x0000000100000000)
  region size 1024K, 15 young (15360K), 2 survivors (2048K)
 Metaspace       used 10193K, capacity 10574K, committed 10624K, reserved 1058816K
  class space    used 1009K, capacity 1125K, committed 1152K, reserved 1048576K
}
Event: 27.944 GC heap after
{Heap after GC invocations=6 (full 1):
 garbage-first heap   total 48128K, used 14438K [0x00000000e0000000, 0x0000000100000000)
  region size 1024K, 2 young (2048K), 2 survivors (2048K)
 Metaspace       used 10193K, capacity 10574K, committed 10624K, reserved 1058816K
  class space    used 1009K, capacity 1125K, committed 1152K, reserved 1048576K
}
Event: 27.958 GC heap before
{Heap before GC invocations=6 (full 1):
 garbage-first heap   total 48128K, used 26726K [0x00000000e0000000, 0x0000000100000000)
  region size 1024K, 14 young (14336K), 2 survivors (2048K)
 Metaspace       used 10200K, capacity 10574K, committed 10624K, reserved 1058816K
  class space    used 1009K, capacity 1125K, committed 1152K, reserved 1048576K
}
Event: 27.965 GC heap after
{Heap after GC invocations=7 (full 1):
 garbage-first heap   total 48128K, used 15905K [0x00000000e0000000, 0x0000000100000000)
  region size 1024K, 2 young (2048K), 2 survivors (2048K)
 Metaspace       used 10200K, capacity 10574K, committed 10624K, reserved 1058816K
  class space    used 1009K, capacity 1125K, committed 1152K, reserved 1048576K
}

